[debug] [2023-04-11T04:04:03.405Z] ----------------------------------------------------------------------
[debug] [2023-04-11T04:04:03.407Z] Command:       C:\Program Files\nodejs\node.exe C:\Users\Dongha\AppData\Roaming\npm\node_modules\firebase-tools\lib\bin\firebase.js init
[debug] [2023-04-11T04:04:03.408Z] CLI Version:   11.25.3
[debug] [2023-04-11T04:04:03.408Z] Platform:      win32
[debug] [2023-04-11T04:04:03.408Z] Node Version:  v18.14.0
[debug] [2023-04-11T04:04:03.410Z] Time:          Tue Apr 11 2023 00:04:03 GMT-0400 (미 동부 하계 표준시)
[debug] [2023-04-11T04:04:03.410Z] ----------------------------------------------------------------------
[debug] 
[debug] [2023-04-11T04:04:03.502Z] > command requires scopes: ["email","openid","https://www.googleapis.com/auth/cloudplatformprojects.readonly","https://www.googleapis.com/auth/firebase","https://www.googleapis.com/auth/cloud-platform"]
[debug] [2023-04-11T04:04:03.503Z] > authorizing via signed-in user (gch04912@gmail.com)
[info] 
     ######## #### ########  ######## ########     ###     ######  ########
     ##        ##  ##     ## ##       ##     ##  ##   ##  ##       ##
     ######    ##  ########  ######   ########  #########  ######  ######
     ##        ##  ##    ##  ##       ##     ## ##     ##       ## ##
     ##       #### ##     ## ######## ########  ##     ##  ######  ########

You're about to initialize a Firebase project in this directory:

  C:\Users\Dongha\Documents\GitHub\CSE380-Teamproject

Before we get started, keep in mind:

  * You are initializing within an existing Firebase project directory

